<?xml version="1.0" encoding="UTF-8"?>
<!-- Generated by org.testng.reporters.JUnitReportReporter -->
<testsuite hostname="sharath-PC" name="com.seneca.appiumassessment.flipkart.tests.AddItemToCartPageTest" tests="1" failures="0" timestamp="16 Oct 2016 14:33:31 GMT" time="92.853" errors="0">
  <testcase name="addToCart" time="92.853" classname="com.seneca.appiumassessment.flipkart.tests.AddItemToCartPageTest"/>
</testsuite> <!-- com.seneca.appiumassessment.flipkart.tests.AddItemToCartPageTest -->
