<?xml version="1.0" encoding="UTF-8"?>
<!-- Generated by org.testng.reporters.JUnitReportReporter -->
<testsuite hostname="sharath-PC" name="com.seneca.appiumassessment.flipkart.tests.NotificationsandWebViewTest" tests="1" failures="0" timestamp="16 Oct 2016 11:58:15 GMT" time="64.298" errors="0">
  <testcase name="test" time="64.298" classname="com.seneca.appiumassessment.flipkart.tests.NotificationsandWebViewTest"/>
</testsuite> <!-- com.seneca.appiumassessment.flipkart.tests.NotificationsandWebViewTest -->
