<?xml version="1.0" encoding="UTF-8"?>
<!-- Generated by org.testng.reporters.JUnitReportReporter -->
<testsuite hostname="sharath-PC" name="com.seneca.appiumassessment.flipkart.tests.SeachandVerifyPageTests" tests="1" failures="0" timestamp="16 Oct 2016 15:42:07 GMT" time="41.220" errors="0">
  <testcase name="searchProduct" time="41.220" classname="com.seneca.appiumassessment.flipkart.tests.SeachandVerifyPageTests"/>
</testsuite> <!-- com.seneca.appiumassessment.flipkart.tests.SeachandVerifyPageTests -->
