<?xml version="1.0" encoding="UTF-8"?>
<!-- Generated by org.testng.reporters.JUnitReportReporter -->
<testsuite hostname="sharath-PC" name="com.seneca.appiumassessment.flipkart.tests.SwipeActionTest" tests="1" failures="0" timestamp="16 Oct 2016 07:01:41 GMT" time="56.996" errors="0">
  <testcase name="searchProduct" time="56.996" classname="com.seneca.appiumassessment.flipkart.tests.SwipeActionTest"/>
</testsuite> <!-- com.seneca.appiumassessment.flipkart.tests.SwipeActionTest -->
